Determining if the pthread_create exist failed with the following output:
Change Dir: /home/hexiaoya/catkin_ws/src/SVO/rpg_svo/svo/build/CMakeFiles/CMakeTmp

Run Build Command:"/usr/bin/make" "cmTryCompileExec4291663049/fast"
/usr/bin/make -f CMakeFiles/cmTryCompileExec4291663049.dir/build.make CMakeFiles/cmTryCompileExec4291663049.dir/build
make[1]: Entering directory `/home/hexiaoya/catkin_ws/src/SVO/rpg_svo/svo/build/CMakeFiles/CMakeTmp'
/usr/local/bin/cmake -E cmake_progress_report /home/hexiaoya/catkin_ws/src/SVO/rpg_svo/svo/build/CMakeFiles/CMakeTmp/CMakeFiles 1
Building C object CMakeFiles/cmTryCompileExec4291663049.dir/CheckSymbolExists.c.o
/usr/bin/cc    -o CMakeFiles/cmTryCompileExec4291663049.dir/CheckSymbolExists.c.o   -c /home/hexiaoya/catkin_ws/src/SVO/rpg_svo/svo/build/CMakeFiles/CMakeTmp/CheckSymbolExists.c
Linking C executable cmTryCompileExec4291663049
/usr/local/bin/cmake -E cmake_link_script CMakeFiles/cmTryCompileExec4291663049.dir/link.txt --verbose=1
/usr/bin/cc       CMakeFiles/cmTryCompileExec4291663049.dir/CheckSymbolExists.c.o  -o cmTryCompileExec4291663049 -rdynamic 
CMakeFiles/cmTryCompileExec4291663049.dir/CheckSymbolExists.c.o: In function `main':
CheckSymbolExists.c:(.text+0x16): undefined reference to `pthread_create'
collect2: error: ld returned 1 exit status
make[1]: Leaving directory `/home/hexiaoya/catkin_ws/src/SVO/rpg_svo/svo/build/CMakeFiles/CMakeTmp'
make[1]: *** [cmTryCompileExec4291663049] Error 1
make: *** [cmTryCompileExec4291663049/fast] Error 2

File /home/hexiaoya/catkin_ws/src/SVO/rpg_svo/svo/build/CMakeFiles/CMakeTmp/CheckSymbolExists.c:
/* */
#include <pthread.h>

int main(int argc, char** argv)
{
  (void)argv;
#ifndef pthread_create
  return ((int*)(&pthread_create))[argc];
#else
  (void)argc;
  return 0;
#endif
}

Determining if the function pthread_create exists in the pthreads failed with the following output:
Change Dir: /home/hexiaoya/catkin_ws/src/SVO/rpg_svo/svo/build/CMakeFiles/CMakeTmp

Run Build Command:"/usr/bin/make" "cmTryCompileExec1511772303/fast"
/usr/bin/make -f CMakeFiles/cmTryCompileExec1511772303.dir/build.make CMakeFiles/cmTryCompileExec1511772303.dir/build
make[1]: Entering directory `/home/hexiaoya/catkin_ws/src/SVO/rpg_svo/svo/build/CMakeFiles/CMakeTmp'
/usr/local/bin/cmake -E cmake_progress_report /home/hexiaoya/catkin_ws/src/SVO/rpg_svo/svo/build/CMakeFiles/CMakeTmp/CMakeFiles 1
Building C object CMakeFiles/cmTryCompileExec1511772303.dir/CheckFunctionExists.c.o
/usr/bin/cc   -DCHECK_FUNCTION_EXISTS=pthread_create   -o CMakeFiles/cmTryCompileExec1511772303.dir/CheckFunctionExists.c.o   -c /usr/local/share/cmake-3.2/Modules/CheckFunctionExists.c
Linking C executable cmTryCompileExec1511772303
/usr/local/bin/cmake -E cmake_link_script CMakeFiles/cmTryCompileExec1511772303.dir/link.txt --verbose=1
/usr/bin/cc   -DCHECK_FUNCTION_EXISTS=pthread_create    CMakeFiles/cmTryCompileExec1511772303.dir/CheckFunctionExists.c.o  -o cmTryCompileExec1511772303 -rdynamic -lpthreads 
/usr/bin/ld: cannot find -lpthreads
collect2: error: ld returned 1 exit status
make[1]: Leaving directory `/home/hexiaoya/catkin_ws/src/SVO/rpg_svo/svo/build/CMakeFiles/CMakeTmp'
make[1]: *** [cmTryCompileExec1511772303] Error 1
make: *** [cmTryCompileExec1511772303/fast] Error 2


